\BOOKMARK [0][-]{section*.1}{\376\377\000\315\000n\000d\000i\000c\000e\000\040\000d\000e\000\040\000s\000\355\000m\000b\000o\000l\000o\000s}{}% 1
\BOOKMARK [0][-]{section*.3}{\376\377\000\315\000n\000d\000i\000c\000e\000\040\000d\000e\000\040\000c\000o\000n\000t\000e\000n\000i\000d\000o\000s}{}% 2
\BOOKMARK [0][-]{section*.5}{\376\377\000\315\000n\000d\000i\000c\000e\000\040\000d\000e\000\040\000f\000i\000g\000u\000r\000a\000s}{}% 3
\BOOKMARK [0][-]{section*.7}{\376\377\000\315\000n\000d\000i\000c\000e\000\040\000d\000e\000\040\000t\000a\000b\000l\000a\000s}{}% 4
\BOOKMARK [0][-]{section*.9}{\376\377\000R\000e\000s\000u\000m\000e\000n}{}% 5
\BOOKMARK [0][-]{section*.11}{\376\377\000A\000b\000s\000t\000r\000a\000c\000t}{}% 6
\BOOKMARK [0][-]{chapter.1}{\376\377\000I\000n\000t\000r\000o\000d\000u\000c\000c\000i\000\363\000n}{}% 7
\BOOKMARK [1][-]{section.1.1}{\376\377\000C\000o\000n\000t\000e\000x\000t\000o\000\040\000y\000\040\000m\000o\000t\000i\000v\000a\000c\000i\000\363\000n}{chapter.1}% 8
\BOOKMARK [1][-]{section.1.2}{\376\377\000T\000r\000a\000b\000a\000j\000o\000s\000\040\000r\000e\000l\000a\000c\000i\000o\000n\000a\000d\000o\000s}{chapter.1}% 9
\BOOKMARK [1][-]{section.1.3}{\376\377\000A\000p\000o\000r\000t\000e\000s\000\040\000e\000s\000p\000e\000c\000\355\000f\000i\000c\000o\000s\000\040\000d\000e\000\040\000e\000s\000t\000e\000\040\000t\000r\000a\000b\000a\000j\000o}{chapter.1}% 10
\BOOKMARK [0][-]{chapter.2}{\376\377\000H\000e\000r\000r\000a\000m\000i\000e\000n\000t\000a\000s\000\040\000u\000t\000i\000l\000i\000z\000a\000d\000a\000s}{}% 11
\BOOKMARK [1][-]{section.2.1}{\376\377\000O\000p\000e\000n\000M\000C}{chapter.2}% 12
\BOOKMARK [1][-]{section.2.2}{\376\377\000K\000D\000S\000o\000u\000r\000c\000e}{chapter.2}% 13
\BOOKMARK [1][-]{section.2.3}{\376\377\000F\000o\000r\000m\000a\000t\000o\000s\000\040\000d\000e\000\040\000l\000i\000s\000t\000a\000s\000\040\000d\000e\000\040\000p\000a\000r\000t\000\355\000c\000u\000l\000a\000s\000:\000\040\000M\000C\000P\000L\000\040\000y\000\040\000H\000D\000F\0005}{chapter.2}% 14
\BOOKMARK [1][-]{section.2.4}{\376\377\000F\000o\000r\000m\000a\000t\000o\000\040\000X\000M\000L}{chapter.2}% 15
\BOOKMARK [1][-]{section.2.5}{\376\377\000L\000e\000n\000g\000u\000a\000j\000e\000s\000\040\000d\000e\000\040\000p\000r\000o\000g\000r\000a\000m\000a\000c\000i\000\363\000n\000:\000\040\000P\000y\000t\000h\000o\000n\000,\000\040\000C\000\040\000y\000\040\000C\000+\000+}{chapter.2}% 16
\BOOKMARK [0][-]{chapter.3}{\376\377\000M\000e\000t\000o\000d\000o\000l\000o\000g\000\355\000a\000\040\000p\000a\000r\000a\000\040\000l\000a\000\040\000g\000e\000n\000e\000r\000a\000c\000i\000\363\000n\000\040\000d\000e\000\040\000f\000u\000e\000n\000t\000e\000s\000\040\000M\000o\000n\000t\000e\000\040\000C\000a\000r\000l\000o\000\040\000m\000e\000d\000i\000a\000n\000t\000e\000\040\000h\000i\000s\000t\000o\000g\000r\000a\000m\000a\000s\000\040\000m\000u\000l\000t\000i\000d\000i\000m\000e\000n\000s\000i\000o\000n\000a\000l\000e\000s}{}% 17
\BOOKMARK [1][-]{section.3.1}{\376\377\000I\000n\000t\000r\000o\000d\000u\000c\000c\000i\000\363\000n\000\040\000g\000e\000n\000e\000r\000a\000l\000\040\000a\000l\000\040\000m\000\351\000t\000o\000d\000o}{chapter.3}% 18
\BOOKMARK [1][-]{section.3.2}{\376\377\000D\000e\000f\000i\000n\000i\000c\000i\000\363\000n\000\040\000d\000e\000l\000\040\000e\000s\000p\000a\000c\000i\000o\000\040\000d\000e\000\040\000f\000a\000s\000e\000s\000\040\000\050\000E\040\023\000r\040\023\000O\000m\000e\000g\000a\000\051}{chapter.3}% 19
\BOOKMARK [1][-]{section.3.3}{\376\377\000P\000r\000o\000c\000e\000s\000a\000m\000i\000e\000n\000t\000o\000\040\000d\000e\000l\000\040\000a\000r\000c\000h\000i\000v\000o\000\040\000d\000e\000\040\000p\000a\000r\000t\000\355\000c\000u\000l\000a\000s\000\040\000o\000r\000i\000g\000i\000n\000a\000l}{chapter.3}% 20
\BOOKMARK [2][-]{subsection.3.3.1}{\376\377\000P\000r\000e\000p\000r\000o\000c\000e\000s\000a\000m\000i\000e\000n\000t\000o\000\040\000d\000e\000l\000\040\000a\000r\000c\000h\000i\000v\000o\000\040\000d\000e\000\040\000p\000a\000r\000t\000\355\000c\000u\000l\000a\000s}{section.3.3}% 21
\BOOKMARK [2][-]{subsection.3.3.2}{\376\377\000U\000t\000i\000l\000i\000z\000a\000c\000i\000\363\000n\000\040\000d\000e\000\040\000h\000i\000s\000t\000o\000g\000r\000a\000m\000a\000s\000\040\000m\000a\000c\000r\000o\000\040\000y\000\040\000m\000i\000c\000r\000o}{section.3.3}% 22
\BOOKMARK [2][-]{subsection.3.3.3}{\376\377\000M\000\351\000t\000o\000d\000o\000s\000\040\000d\000e\000\040\000d\000i\000s\000c\000r\000e\000t\000i\000z\000a\000c\000i\000\363\000n\000\040\000a\000p\000l\000i\000c\000a\000d\000o\000s\000\040\000a\000\040\000h\000i\000s\000t\000o\000g\000r\000a\000m\000a\000s\000\040\000m\000a\000c\000r\000o\000\040\000y\000\040\000m\000i\000c\000r\000o}{section.3.3}% 23
\BOOKMARK [1][-]{section.3.4}{\376\377\000R\000e\000m\000u\000e\000s\000t\000r\000e\000o\000\040\000d\000e\000\040\000p\000a\000r\000t\000\355\000c\000u\000l\000a\000s\000\040\000e\000n\000\040\000s\000i\000m\000u\000l\000a\000c\000i\000o\000n\000e\000s\000\040\000M\000o\000n\000t\000e\000\040\000C\000a\000r\000l\000o\000\040\000s\000u\000b\000s\000e\000c\000u\000e\000n\000t\000e\000s}{chapter.3}% 24
\BOOKMARK [1][-]{section.3.5}{\376\377\000I\000m\000p\000l\000e\000m\000e\000n\000t\000a\000c\000i\000\363\000n\000\040\000c\000o\000m\000p\000u\000t\000a\000c\000i\000o\000n\000a\000l}{chapter.3}% 25
\BOOKMARK [0][-]{chapter.4}{\376\377\000A\000p\000l\000i\000c\000a\000c\000i\000\363\000n\000:\000\040\000C\000a\000n\000a\000l\000\040\000d\000e\000\040\000v\000a\000c\000\355\000o\000\040\000r\000o\000d\000e\000a\000d\000o\000\040\000p\000o\000r\000\040\000A\000g\000u\000a}{}% 26
\BOOKMARK [1][-]{section.4.1}{\376\377\000D\000e\000s\000c\000r\000i\000p\000c\000i\000\363\000n\000\040\000d\000e\000l\000\040\000m\000o\000d\000e\000l\000o\000\040\000s\000i\000m\000u\000l\000a\000d\000o\000\040\000e\000n\000\040\000O\000p\000e\000n\000M\000C}{chapter.4}% 27
\BOOKMARK [1][-]{section.4.2}{\376\377\000P\000r\000o\000c\000e\000s\000a\000m\000i\000e\000n\000t\000o\000\040\000d\000e\000l\000\040\000t\000r\000a\000c\000k\000f\000i\000l\000e}{chapter.4}% 28
\BOOKMARK [2][-]{subsection.4.2.1}{\376\377\000M\000e\000t\000o\000d\000o\000l\000o\000g\000\355\000a\000\040\000d\000e\000l\000\040\000a\000n\000\341\000l\000i\000s\000i\000s}{section.4.2}% 29
\BOOKMARK [2][-]{subsection.4.2.2}{\376\377\000D\000e\000s\000c\000r\000i\000p\000c\000i\000\363\000n\000\040\000d\000e\000l\000\040\000t\000r\000a\000c\000k\000f\000i\000l\000e}{section.4.2}% 30
\BOOKMARK [2][-]{subsection.4.2.3}{\376\377\000B\000i\000n\000e\000a\000d\000o\000\040\000u\000n\000i\000f\000o\000r\000m\000e\000\040\000d\000e\000\040\000m\000i\000c\000r\000o\000g\000r\000u\000p\000o\000s\000\040\000y\000\040\000m\000a\000c\000r\000o\000g\000r\000u\000p\000o\000s}{section.4.2}% 31
\BOOKMARK [2][-]{subsection.4.2.4}{\376\377\000B\000i\000n\000e\000a\000d\000o\000\040\000u\000n\000i\000f\000o\000r\000m\000e\000\040\000d\000e\000\040\000m\000i\000c\000r\000o\000g\000r\000u\000p\000o\000s\000\040\000y\000\040\000m\000a\000c\000r\000o\000g\000r\000u\000p\000o\000s\000\040\000c\000o\000n\000\040\000b\000o\000r\000d\000e\000s\000\040\000m\000a\000n\000u\000a\000l\000e\000s}{section.4.2}% 32
\BOOKMARK [2][-]{subsection.4.2.5}{\376\377\000B\000i\000n\000e\000a\000d\000o\000\040\000a\000d\000a\000p\000t\000a\000t\000i\000v\000o\000\040\000d\000e\000\040\000m\000i\000c\000r\000o\000g\000r\000u\000p\000o\000s\000\040\000y\000\040\000m\000a\000c\000r\000o\000g\000r\000u\000p\000o\000s}{section.4.2}% 33
\BOOKMARK [2][-]{subsection.4.2.6}{\376\377\000B\000i\000n\000e\000a\000d\000o\000\040\000a\000d\000a\000p\000t\000a\000t\000i\000v\000o\000\040\000d\000e\000\040\000m\000i\000c\000r\000o\000g\000r\000u\000p\000o\000s\000\040\000y\000\040\000m\000a\000c\000r\000o\000g\000r\000u\000p\000o\000s\000\040\000o\000p\000t\000i\000m\000i\000z\000a\000d\000o}{section.4.2}% 34
\BOOKMARK [1][-]{section.4.3}{\376\377\000R\000e\000s\000u\000l\000t\000a\000d\000o\000s\000\040\000d\000e\000\040\000l\000a\000\040\000s\000i\000m\000u\000l\000a\000c\000i\000\363\000n\000\040\000c\000o\000m\000p\000a\000r\000a\000t\000i\000v\000a}{chapter.4}% 35
\BOOKMARK [2][-]{subsection.4.3.1}{\376\377\000V\000a\000l\000i\000d\000a\000c\000i\000\363\000n\000\040\000d\000e\000\040\000t\000a\000l\000l\000i\000e\000s\000\040\000y\000\040\000a\000p\000l\000i\000c\000a\000c\000i\000\363\000n\000\040\000d\000e\000\040\000t\000\351\000c\000n\000i\000c\000a\000s\000\040\000d\000e\000\040\000r\000e\000d\000u\000c\000c\000i\000\363\000n\000\040\000d\000e\000\040\000v\000a\000r\000i\000a\000n\000z\000a}{section.4.3}% 36
\BOOKMARK [2][-]{subsection.4.3.2}{\376\377\000S\000\355\000n\000t\000e\000s\000i\000s\000\040\000y\000\040\000c\000o\000n\000c\000l\000u\000s\000i\000o\000n\000e\000s}{section.4.3}% 37
\BOOKMARK [0][-]{chapter.5}{\376\377\000V\000a\000l\000i\000d\000a\000c\000i\000\363\000n\000\040\000E\000x\000p\000e\000r\000i\000m\000e\000n\000t\000a\000l\000:\000\040\000C\000o\000n\000d\000u\000c\000t\000o\000\040\000N\000\372\000m\000e\000r\000o\000\040\0005\000\040\000d\000e\000l\000\040\000R\000e\000a\000c\000t\000o\000r\000\040\000R\000A\000-\0006}{}% 38
\BOOKMARK [1][-]{section.5.1}{\376\377\000D\000e\000s\000c\000r\000i\000p\000c\000i\000\363\000n\000\040\000d\000e\000l\000\040\000c\000a\000s\000o\000\040\000e\000x\000p\000e\000r\000i\000m\000e\000n\000t\000a\000l\000\040\000d\000e\000l\000\040\000R\000A\000-\0006}{chapter.5}% 39
\BOOKMARK [1][-]{section.5.2}{\376\377\000O\000p\000t\000i\000m\000i\000z\000a\000c\000i\000\363\000n\000\040\000d\000e\000l\000\040\000r\000e\000s\000a\000m\000p\000l\000e\000o\000\040\000p\000a\000r\000a\000\040\000l\000a\000\040\000f\000u\000e\000n\000t\000e\000\040\000e\000x\000p\000e\000r\000i\000m\000e\000n\000t\000a\000l}{chapter.5}% 40
\BOOKMARK [1][-]{section.5.3}{\376\377\000R\000e\000s\000u\000l\000t\000a\000d\000o\000s\000\040\000d\000e\000\040\000s\000i\000m\000u\000l\000a\000c\000i\000\363\000n\000\040\000e\000n\000\040\000O\000p\000e\000n\000M\000C\000\040\000y\000\040\000c\000o\000m\000p\000a\000r\000a\000c\000i\000\363\000n\000\040\000e\000x\000p\000e\000r\000i\000m\000e\000n\000t\000a\000l}{chapter.5}% 41
\BOOKMARK [2][-]{subsection.5.3.1}{\376\377\000D\000i\000s\000t\000r\000i\000b\000u\000c\000i\000\363\000n\000\040\000e\000s\000p\000a\000c\000i\000a\000l\000\040\000d\000e\000l\000\040\000f\000l\000u\000j\000o\000\040\000e\000n\000\040\000d\000e\000t\000e\000c\000t\000o\000r\000e\000s}{section.5.3}% 42
\BOOKMARK [2][-]{subsection.5.3.2}{\376\377\000C\000o\000m\000p\000a\000r\000a\000c\000i\000\363\000n\000\040\0003\000H\000e\000:\000\040\000s\000i\000m\000u\000l\000a\000c\000i\000\363\000n\000\040\000v\000s\000.\000\040\000e\000x\000p\000e\000r\000i\000m\000e\000n\000t\000o}{section.5.3}% 43
\BOOKMARK [1][-]{section.5.4}{\376\377\000D\000i\000s\000c\000u\000s\000i\000\363\000n\000\040\000s\000o\000b\000r\000e\000\040\000r\000e\000s\000u\000l\000t\000a\000d\000o\000s\000\040\000y\000\040\000v\000a\000l\000i\000d\000a\000c\000i\000\363\000n}{chapter.5}% 44
\BOOKMARK [0][-]{appendix.Alph1}{\376\377\000I\000m\000p\000l\000e\000m\000e\000n\000t\000a\000c\000i\000\363\000n\000\040\000C\000o\000m\000p\000u\000t\000a\000c\000i\000o\000n\000a\000l\000\040\000d\000e\000l\000\040\000M\000\351\000t\000o\000d\000o}{}% 45
\BOOKMARK [1][-]{section.Alph1.1}{\376\377\000C\000\363\000d\000i\000g\000o\000\040\000d\000e\000t\000a\000l\000l\000a\000d\000o\000\040\000e\000n\000\040\000P\000y\000t\000h\000o\000n\000/\000C\000+\000+}{appendix.Alph1}% 46
\BOOKMARK [1][-]{section.Alph1.2}{\376\377\000P\000s\000e\000u\000d\000o\000c\000\363\000d\000i\000g\000o\000\040\000y\000\040\000c\000o\000m\000e\000n\000t\000a\000r\000i\000o\000s}{appendix.Alph1}% 47
\BOOKMARK [1][-]{section.Alph1.3}{\376\377\000A\000r\000c\000h\000i\000v\000o\000s\000\040\000d\000e\000\040\000c\000o\000n\000f\000i\000g\000u\000r\000a\000c\000i\000\363\000n\000\040\000X\000M\000L}{appendix.Alph1}% 48
\BOOKMARK [1][-]{section.Alph1.4}{\376\377\000F\000l\000u\000j\000o\000\040\000d\000e\000\040\000t\000r\000a\000b\000a\000j\000o\000\040\000p\000r\000\341\000c\000t\000i\000c\000o}{appendix.Alph1}% 49
\BOOKMARK [0][-]{section*.38}{\376\377\000B\000i\000b\000l\000i\000o\000g\000r\000a\000f\000\355\000a}{}% 50
\BOOKMARK [0][-]{section*.40}{\376\377\000P\000u\000b\000l\000i\000c\000a\000c\000i\000o\000n\000e\000s\000\040\000a\000s\000o\000c\000i\000a\000d\000a\000s}{}% 51
\BOOKMARK [0][-]{section*.42}{\376\377\000A\000g\000r\000a\000d\000e\000c\000i\000m\000i\000e\000n\000t\000o\000s}{}% 52
